<?xml version="1.0" encoding="UTF-8"?>
<!-- Generated by org.testng.reporters.JUnitReportReporter -->
<testsuite skipped="0" hostname="Velmurugan" name="org.sample.Sample3" tests="1" failures="0" timestamp="12 Mar 2021 09:54:03 GMT" time="5.580" errors="0">
  <testcase name="test11" time="5.580" classname="org.sample.Sample3"/>
</testsuite> <!-- org.sample.Sample3 -->
