<?xml version="1.0" encoding="UTF-8"?>
<!-- Generated by org.testng.reporters.JUnitReportReporter -->
<testsuite skipped="0" hostname="Velmurugan" name="org.sample.Sample" tests="1" failures="0" timestamp="12 Feb 2021 14:02:28 GMT" time="124.477" errors="0">
  <testcase name="verifyContentInPDf" time="124.477" classname="org.sample.Sample"/>
</testsuite> <!-- org.sample.Sample -->
