<?xml version="1.0" encoding="UTF-8"?>
<!-- Generated by org.testng.reporters.JUnitReportReporter -->
<testsuite skipped="0" hostname="Velmurugan" name="org.sample.Sample2" tests="10" failures="0" timestamp="13 Feb 2021 10:45:26 GMT" time="0.016" errors="0">
  <testcase name="tc0" time="0.008" classname="org.sample.Sample2"/>
  <testcase name="tc0" time="0.001" classname="org.sample.Sample2"/>
  <testcase name="tc0" time="0.001" classname="org.sample.Sample2"/>
  <testcase name="tc0" time="0.001" classname="org.sample.Sample2"/>
  <testcase name="tc0" time="0.000" classname="org.sample.Sample2"/>
  <testcase name="tc0" time="0.001" classname="org.sample.Sample2"/>
  <testcase name="tc0" time="0.001" classname="org.sample.Sample2"/>
  <testcase name="tc0" time="0.001" classname="org.sample.Sample2"/>
  <testcase name="tc0" time="0.001" classname="org.sample.Sample2"/>
  <testcase name="tc0" time="0.001" classname="org.sample.Sample2"/>
</testsuite> <!-- org.sample.Sample2 -->
